<?xml version="1.0" encoding="UTF-8"?>
<!-- Generated by org.testng.reporters.JUnitReportReporter -->
<testsuite hostname="Ajinkya-More" failures="0" tests="1" name="TestData.TestData.TC_BIS_001" time="25.852" errors="0" timestamp="2023-07-25T01:16:22 IST" skipped="0">
  <testcase classname="TestData.TestData.TC_BIS_001" name="TC_001" time="25.852"/>
  <system-out/>
</testsuite> <!-- TestData.TestData.TC_BIS_001 -->
